<?xml version="1.0" encoding="UTF-8"?>
<!-- Generated by org.testng.reporters.JUnitXMLReporter -->
<testsuite hostname="PN-HYDTECH-041" name="sampleClass" tests="17" failures="0" timestamp="4 Jun 2018 05:12:34 GMT" time="1.078" errors="0">
  <testcase name="@BeforeTest setupSuite" time="0.0" classname="com.Paynear.Portal.Portal_login">
    <failure type="java.lang.Exception" message="java.lang.NullPointerException">
      <![CDATA[java.lang.Exception: java.lang.NullPointerException
	at com.payswiff.config.DriverConfig.setUp(DriverConfig.java:142)
	at com.payswiff.config.SeleniumNGSuite.setUpSuite(SeleniumNGSuite.java:91)
	at com.Paynear.Portal.Portal_login.setupSuite(Portal_login.java:35)
	at java.util.concurrent.FutureTask.run(FutureTask.java:266)
	at java.util.concurrent.ThreadPoolExecutor.runWorker(ThreadPoolExecutor.java:1149)
	at java.util.concurrent.ThreadPoolExecutor$Worker.run(ThreadPoolExecutor.java:624)
	at java.lang.Thread.run(Thread.java:748)
Caused by: java.lang.NullPointerException
	at com.payswiff.config.DriverConfig.setUp(DriverConfig.java:129)
	... 20 more
... Removed 14 stack frames]]>
    </failure>
  </testcase> <!-- @BeforeTest setupSuite -->
  <testcase name="@AfterMethod endReport" time="0.0" classname="com.Paynear.Portal.Portal_login">
    <skipped/>
  </testcase> <!-- @AfterMethod endReport -->
  <testcase name="@AfterTest endSuite" time="0.0" classname="com.Paynear.Portal.Portal_login">
    <skipped/>
  </testcase> <!-- @AfterTest endSuite -->
  <testcase name="@AfterTest tearDown" time="0.0" classname="com.Paynear.Portal.Portal_login">
    <skipped/>
  </testcase> <!-- @AfterTest tearDown -->
  <testcase name="testMethod" time="0.001" classname="com.Paynear.Portal.Portal_login">
    <skipped/>
  </testcase> <!-- testMethod -->
  <testcase name="FT_BulkMerchantUpload" time="0.001" classname="com.Paynear.Portal.Portal_BulkMerchantUpload">
    <skipped/>
  </testcase> <!-- FT_BulkMerchantUpload -->
  <testcase name="TestMerch" time="0.0" classname="com.FTCash.Panel.Fetch_MerchDetails">
    <skipped/>
  </testcase> <!-- TestMerch -->
  <testcase name="FT_MIDUpload" time="0.001" classname="com.PaySwiff.portalCases.Portal_MerchantLive">
    <skipped/>
  </testcase> <!-- FT_MIDUpload -->
  <testcase name="FT_MIDUpload" time="0.001" classname="com.PaySwiff.portalCases.Portal_Device_Assign">
    <skipped/>
  </testcase> <!-- FT_MIDUpload -->
  <testcase name="Device_Assign" time="0.001" classname="com.Paynear.Portal.Portal_Device_Assign2">
    <skipped/>
  </testcase> <!-- Device_Assign -->
  <testcase name="Device_Assign" time="0.0" classname="com.Paynear.Portal.Portal_Device_Assign3">
    <skipped/>
  </testcase> <!-- Device_Assign -->
  <testcase name="Device_Assign" time="0.001" classname="com.Paynear.Portal.portal_MIDIncrmnt">
    <skipped/>
  </testcase> <!-- Device_Assign -->
  <testcase name="Device_Assign" time="0.001" classname="com.Paynear.Portal.portal_MIDIncrmnt2">
    <skipped/>
  </testcase> <!-- Device_Assign -->
  <testcase name="Device_Assign" time="0.0" classname="com.Paynear.Portal.portal_MIDIncrmnt3">
    <skipped/>
  </testcase> <!-- Device_Assign -->
  <testcase name="Device_Assign" time="0.001" classname="com.Paynear.Portal.portal_MIDDeactive">
    <skipped/>
  </testcase> <!-- Device_Assign -->
  <testcase name="Device_Assign" time="0.0" classname="com.Paynear.Portal.portal_MIDDeactive2">
    <skipped/>
  </testcase> <!-- Device_Assign -->
  <testcase name="FT_MIDUpload" time="0.001" classname="com.PaySwiff.portalCases.Portal_Device_DeAssign">
    <skipped/>
  </testcase> <!-- FT_MIDUpload -->
  <testcase name="FT_MIDUpload" time="0.001" classname="com.PaySwiff.portalCases.Portal_Device_DeAssign2">
    <skipped/>
  </testcase> <!-- FT_MIDUpload -->
  <testcase name="FT_MIDUpload" time="0.001" classname="com.PaySwiff.portalCases.Portal_Device_DeAssign3">
    <skipped/>
  </testcase> <!-- FT_MIDUpload -->
  <testcase name="Device_Assign" time="0.001" classname="com.Paynear.Portal.portal_MIDDeactive3">
    <skipped/>
  </testcase> <!-- Device_Assign -->
  <testcase name="Device_Assign" time="0.001" classname="com.Paynear.Portal.portal_MIDDeactive4">
    <skipped/>
  </testcase> <!-- Device_Assign -->
</testsuite> <!-- sampleClass -->
