<?xml version="1.0" encoding="UTF-8"?>
<testng-results skipped="6" failed="0" total="6" passed="0">
  <reporter-output>
  </reporter-output>
  <suite name="sample" duration-ms="1219" started-at="2018-06-21T12:50:43Z" finished-at="2018-06-21T12:50:45Z">
    <groups>
    </groups>
    <test name="sampleClass" duration-ms="1219" started-at="2018-06-21T12:50:43Z" finished-at="2018-06-21T12:50:45Z">
      <class name="com.Paynear.Portal.Portal_login">
        <test-method status="FAIL" signature="setupSuite()[pri:0, instance:com.Paynear.Portal.Portal_login@1e6d1014]" name="setupSuite" is-config="true" duration-ms="0" started-at="2018-06-21T18:20:43Z" finished-at="2018-06-21T18:20:43Z">
          <exception class="java.lang.Exception">
            <message>
              <![CDATA[java.lang.NullPointerException]]>
            </message>
            <full-stacktrace>
              <![CDATA[java.lang.Exception: java.lang.NullPointerException
	at com.payswiff.config.DriverConfig.setUp(DriverConfig.java:142)
	at com.payswiff.config.SeleniumNGSuite.setUpSuite(SeleniumNGSuite.java:91)
	at com.Paynear.Portal.Portal_login.setupSuite(Portal_login.java:35)
	at sun.reflect.NativeMethodAccessorImpl.invoke0(Native Method)
	at sun.reflect.NativeMethodAccessorImpl.invoke(NativeMethodAccessorImpl.java:62)
	at sun.reflect.DelegatingMethodAccessorImpl.invoke(DelegatingMethodAccessorImpl.java:43)
	at java.lang.reflect.Method.invoke(Method.java:498)
	at org.testng.internal.MethodInvocationHelper.invokeMethod(MethodInvocationHelper.java:85)
	at org.testng.internal.Invoker.invokeConfigurationMethod(Invoker.java:510)
	at org.testng.internal.Invoker.invokeConfigurations(Invoker.java:211)
	at org.testng.internal.Invoker.invokeConfigurations(Invoker.java:138)
	at org.testng.TestRunner.beforeRun(TestRunner.java:648)
	at org.testng.TestRunner.run(TestRunner.java:616)
	at org.testng.SuiteRunner.runTest(SuiteRunner.java:359)
	at org.testng.SuiteRunner.access$000(SuiteRunner.java:39)
	at org.testng.SuiteRunner$SuiteWorker.run(SuiteRunner.java:393)
	at org.testng.internal.thread.ThreadUtil$2.call(ThreadUtil.java:64)
	at java.util.concurrent.FutureTask.run(FutureTask.java:266)
	at java.util.concurrent.ThreadPoolExecutor.runWorker(ThreadPoolExecutor.java:1149)
	at java.util.concurrent.ThreadPoolExecutor$Worker.run(ThreadPoolExecutor.java:624)
	at java.lang.Thread.run(Thread.java:748)
Caused by: java.lang.NullPointerException
	at com.payswiff.config.DriverConfig.setUp(DriverConfig.java:129)
	... 20 more
]]>
            </full-stacktrace>
          </exception> <!-- java.lang.Exception -->
          <reporter-output>
          </reporter-output>
        </test-method> <!-- setupSuite -->
        <test-method status="SKIP" signature="testMethod()[pri:0, instance:com.Paynear.Portal.Portal_login@1e6d1014]" name="testMethod" duration-ms="1" started-at="2018-06-21T18:20:44Z" finished-at="2018-06-21T18:20:44Z">
          <reporter-output>
          </reporter-output>
        </test-method> <!-- testMethod -->
        <test-method status="SKIP" signature="endReport(org.testng.ITestResult)[pri:0, instance:com.Paynear.Portal.Portal_login@1e6d1014]" name="endReport" is-config="true" duration-ms="0" started-at="2018-06-21T18:20:44Z" finished-at="2018-06-21T18:20:44Z">
          <reporter-output>
          </reporter-output>
        </test-method> <!-- endReport -->
        <test-method status="SKIP" signature="endSuite()[pri:0, instance:com.Paynear.Portal.Portal_login@1e6d1014]" name="endSuite" is-config="true" duration-ms="0" started-at="2018-06-21T18:20:45Z" finished-at="2018-06-21T18:20:45Z">
          <reporter-output>
          </reporter-output>
        </test-method> <!-- endSuite -->
        <test-method status="SKIP" signature="tearDown()[pri:0, instance:com.Paynear.Portal.Portal_login@1e6d1014]" name="tearDown" is-config="true" duration-ms="0" started-at="2018-06-21T18:20:45Z" finished-at="2018-06-21T18:20:45Z">
          <reporter-output>
          </reporter-output>
        </test-method> <!-- tearDown -->
      </class> <!-- com.Paynear.Portal.Portal_login -->
      <class name="com.Paynear.Portal.Portal_BulkMerchantUpload">
        <test-method status="SKIP" signature="FT_BulkMerchantUpload()[pri:0, instance:com.Paynear.Portal.Portal_BulkMerchantUpload@76707e36]" name="FT_BulkMerchantUpload" duration-ms="1" started-at="2018-06-21T18:20:44Z" finished-at="2018-06-21T18:20:44Z">
          <reporter-output>
          </reporter-output>
        </test-method> <!-- FT_BulkMerchantUpload -->
      </class> <!-- com.Paynear.Portal.Portal_BulkMerchantUpload -->
      <class name="com.PaySwiff.portalCases.Portal_MerchantLive">
        <test-method status="SKIP" signature="FT_MIDUpload()[pri:0, instance:com.PaySwiff.portalCases.Portal_MerchantLive@1f554b06]" name="FT_MIDUpload" duration-ms="1" started-at="2018-06-21T18:20:44Z" finished-at="2018-06-21T18:20:44Z">
          <reporter-output>
          </reporter-output>
        </test-method> <!-- FT_MIDUpload -->
      </class> <!-- com.PaySwiff.portalCases.Portal_MerchantLive -->
      <class name="com.Portal_validation.Portal_MerchDetail_Validation">
        <test-method status="SKIP" signature="FT_MIDUpload()[pri:0, instance:com.Portal_validation.Portal_MerchDetail_Validation@1c3a4799]" name="FT_MIDUpload" duration-ms="0" started-at="2018-06-21T18:20:45Z" finished-at="2018-06-21T18:20:45Z">
          <reporter-output>
          </reporter-output>
        </test-method> <!-- FT_MIDUpload -->
      </class> <!-- com.Portal_validation.Portal_MerchDetail_Validation -->
      <class name="com.FTCash.Panel.Fetch_MerchDetails">
        <test-method status="SKIP" signature="TestMerch()[pri:0, instance:com.FTCash.Panel.Fetch_MerchDetails@614ddd49]" name="TestMerch" duration-ms="0" started-at="2018-06-21T18:20:44Z" finished-at="2018-06-21T18:20:44Z">
          <reporter-output>
          </reporter-output>
        </test-method> <!-- TestMerch -->
      </class> <!-- com.FTCash.Panel.Fetch_MerchDetails -->
      <class name="com.PaySwiff.portalCases.Portal_ActLogin">
        <test-method status="SKIP" signature="Logout()[pri:0, instance:com.PaySwiff.portalCases.Portal_ActLogin@694e1548]" name="Logout" duration-ms="0" started-at="2018-06-21T18:20:44Z" finished-at="2018-06-21T18:20:44Z">
          <reporter-output>
          </reporter-output>
        </test-method> <!-- Logout -->
      </class> <!-- com.PaySwiff.portalCases.Portal_ActLogin -->
    </test> <!-- sampleClass -->
  </suite> <!-- sample -->
</testng-results>
