<?xml version="1.0" encoding="UTF-8"?>
<testng-results skipped="17" failed="0" total="17" passed="0">
  <reporter-output>
  </reporter-output>
  <suite name="sample" duration-ms="1078" started-at="2018-06-04T05:12:33Z" finished-at="2018-06-04T05:12:34Z">
    <groups>
    </groups>
    <test name="sampleClass" duration-ms="1078" started-at="2018-06-04T05:12:33Z" finished-at="2018-06-04T05:12:34Z">
      <class name="com.Paynear.Portal.Portal_Device_Assign2">
        <test-method status="SKIP" signature="Device_Assign()[pri:0, instance:com.Paynear.Portal.Portal_Device_Assign2@2d6eabae]" name="Device_Assign" duration-ms="1" started-at="2018-06-04T10:42:34Z" finished-at="2018-06-04T10:42:34Z">
          <reporter-output>
          </reporter-output>
        </test-method> <!-- Device_Assign -->
      </class> <!-- com.Paynear.Portal.Portal_Device_Assign2 -->
      <class name="com.Paynear.Portal.Portal_Device_Assign3">
        <test-method status="SKIP" signature="Device_Assign()[pri:0, instance:com.Paynear.Portal.Portal_Device_Assign3@4e7dc304]" name="Device_Assign" duration-ms="0" started-at="2018-06-04T10:42:34Z" finished-at="2018-06-04T10:42:34Z">
          <reporter-output>
          </reporter-output>
        </test-method> <!-- Device_Assign -->
      </class> <!-- com.Paynear.Portal.Portal_Device_Assign3 -->
      <class name="com.Paynear.Portal.Portal_login">
        <test-method status="FAIL" signature="setupSuite()[pri:0, instance:com.Paynear.Portal.Portal_login@71bbf57e]" name="setupSuite" is-config="true" duration-ms="0" started-at="2018-06-04T10:42:33Z" finished-at="2018-06-04T10:42:33Z">
          <exception class="java.lang.Exception">
            <message>
              <![CDATA[java.lang.NullPointerException]]>
            </message>
            <full-stacktrace>
              <![CDATA[java.lang.Exception: java.lang.NullPointerException
	at com.payswiff.config.DriverConfig.setUp(DriverConfig.java:142)
	at com.payswiff.config.SeleniumNGSuite.setUpSuite(SeleniumNGSuite.java:91)
	at com.Paynear.Portal.Portal_login.setupSuite(Portal_login.java:35)
	at sun.reflect.NativeMethodAccessorImpl.invoke0(Native Method)
	at sun.reflect.NativeMethodAccessorImpl.invoke(NativeMethodAccessorImpl.java:62)
	at sun.reflect.DelegatingMethodAccessorImpl.invoke(DelegatingMethodAccessorImpl.java:43)
	at java.lang.reflect.Method.invoke(Method.java:498)
	at org.testng.internal.MethodInvocationHelper.invokeMethod(MethodInvocationHelper.java:85)
	at org.testng.internal.Invoker.invokeConfigurationMethod(Invoker.java:510)
	at org.testng.internal.Invoker.invokeConfigurations(Invoker.java:211)
	at org.testng.internal.Invoker.invokeConfigurations(Invoker.java:138)
	at org.testng.TestRunner.beforeRun(TestRunner.java:648)
	at org.testng.TestRunner.run(TestRunner.java:616)
	at org.testng.SuiteRunner.runTest(SuiteRunner.java:359)
	at org.testng.SuiteRunner.access$000(SuiteRunner.java:39)
	at org.testng.SuiteRunner$SuiteWorker.run(SuiteRunner.java:393)
	at org.testng.internal.thread.ThreadUtil$2.call(ThreadUtil.java:64)
	at java.util.concurrent.FutureTask.run(FutureTask.java:266)
	at java.util.concurrent.ThreadPoolExecutor.runWorker(ThreadPoolExecutor.java:1149)
	at java.util.concurrent.ThreadPoolExecutor$Worker.run(ThreadPoolExecutor.java:624)
	at java.lang.Thread.run(Thread.java:748)
Caused by: java.lang.NullPointerException
	at com.payswiff.config.DriverConfig.setUp(DriverConfig.java:129)
	... 20 more
]]>
            </full-stacktrace>
          </exception> <!-- java.lang.Exception -->
          <reporter-output>
          </reporter-output>
        </test-method> <!-- setupSuite -->
        <test-method status="SKIP" signature="testMethod()[pri:0, instance:com.Paynear.Portal.Portal_login@71bbf57e]" name="testMethod" duration-ms="1" started-at="2018-06-04T10:42:34Z" finished-at="2018-06-04T10:42:34Z">
          <reporter-output>
          </reporter-output>
        </test-method> <!-- testMethod -->
        <test-method status="SKIP" signature="endReport(org.testng.ITestResult)[pri:0, instance:com.Paynear.Portal.Portal_login@71bbf57e]" name="endReport" is-config="true" duration-ms="0" started-at="2018-06-04T10:42:34Z" finished-at="2018-06-04T10:42:34Z">
          <reporter-output>
          </reporter-output>
        </test-method> <!-- endReport -->
        <test-method status="SKIP" signature="endSuite()[pri:0, instance:com.Paynear.Portal.Portal_login@71bbf57e]" name="endSuite" is-config="true" duration-ms="0" started-at="2018-06-04T10:42:34Z" finished-at="2018-06-04T10:42:34Z">
          <reporter-output>
          </reporter-output>
        </test-method> <!-- endSuite -->
        <test-method status="SKIP" signature="tearDown()[pri:0, instance:com.Paynear.Portal.Portal_login@71bbf57e]" name="tearDown" is-config="true" duration-ms="0" started-at="2018-06-04T10:42:34Z" finished-at="2018-06-04T10:42:34Z">
          <reporter-output>
          </reporter-output>
        </test-method> <!-- tearDown -->
      </class> <!-- com.Paynear.Portal.Portal_login -->
      <class name="com.Paynear.Portal.Portal_BulkMerchantUpload">
        <test-method status="SKIP" signature="FT_BulkMerchantUpload()[pri:0, instance:com.Paynear.Portal.Portal_BulkMerchantUpload@7f13d6e]" name="FT_BulkMerchantUpload" duration-ms="1" started-at="2018-06-04T10:42:34Z" finished-at="2018-06-04T10:42:34Z">
          <reporter-output>
          </reporter-output>
        </test-method> <!-- FT_BulkMerchantUpload -->
      </class> <!-- com.Paynear.Portal.Portal_BulkMerchantUpload -->
      <class name="com.Paynear.Portal.portal_MIDDeactive">
        <test-method status="SKIP" signature="Device_Assign()[pri:0, instance:com.Paynear.Portal.portal_MIDDeactive@6895a785]" name="Device_Assign" duration-ms="1" started-at="2018-06-04T10:42:34Z" finished-at="2018-06-04T10:42:34Z">
          <reporter-output>
          </reporter-output>
        </test-method> <!-- Device_Assign -->
      </class> <!-- com.Paynear.Portal.portal_MIDDeactive -->
      <class name="com.PaySwiff.portalCases.Portal_Device_Assign">
        <test-method status="SKIP" signature="FT_MIDUpload()[pri:0, instance:com.PaySwiff.portalCases.Portal_Device_Assign@23faf8f2]" name="FT_MIDUpload" duration-ms="1" started-at="2018-06-04T10:42:34Z" finished-at="2018-06-04T10:42:34Z">
          <reporter-output>
          </reporter-output>
        </test-method> <!-- FT_MIDUpload -->
      </class> <!-- com.PaySwiff.portalCases.Portal_Device_Assign -->
      <class name="com.Paynear.Portal.portal_MIDDeactive2">
        <test-method status="SKIP" signature="Device_Assign()[pri:0, instance:com.Paynear.Portal.portal_MIDDeactive2@184f6be2]" name="Device_Assign" duration-ms="0" started-at="2018-06-04T10:42:34Z" finished-at="2018-06-04T10:42:34Z">
          <reporter-output>
          </reporter-output>
        </test-method> <!-- Device_Assign -->
      </class> <!-- com.Paynear.Portal.portal_MIDDeactive2 -->
      <class name="com.FTCash.Panel.Fetch_MerchDetails">
        <test-method status="SKIP" signature="TestMerch()[pri:0, instance:com.FTCash.Panel.Fetch_MerchDetails@51cdd8a]" name="TestMerch" duration-ms="0" started-at="2018-06-04T10:42:34Z" finished-at="2018-06-04T10:42:34Z">
          <reporter-output>
          </reporter-output>
        </test-method> <!-- TestMerch -->
      </class> <!-- com.FTCash.Panel.Fetch_MerchDetails -->
      <class name="com.Paynear.Portal.portal_MIDIncrmnt2">
        <test-method status="SKIP" signature="Device_Assign()[pri:0, instance:com.Paynear.Portal.portal_MIDIncrmnt2@10bbd20a]" name="Device_Assign" duration-ms="1" started-at="2018-06-04T10:42:34Z" finished-at="2018-06-04T10:42:34Z">
          <reporter-output>
          </reporter-output>
        </test-method> <!-- Device_Assign -->
      </class> <!-- com.Paynear.Portal.portal_MIDIncrmnt2 -->
      <class name="com.PaySwiff.portalCases.Portal_Device_DeAssign2">
        <test-method status="SKIP" signature="FT_MIDUpload()[pri:0, instance:com.PaySwiff.portalCases.Portal_Device_DeAssign2@1f7030a6]" name="FT_MIDUpload" duration-ms="1" started-at="2018-06-04T10:42:34Z" finished-at="2018-06-04T10:42:34Z">
          <reporter-output>
          </reporter-output>
        </test-method> <!-- FT_MIDUpload -->
      </class> <!-- com.PaySwiff.portalCases.Portal_Device_DeAssign2 -->
      <class name="com.PaySwiff.portalCases.Portal_Device_DeAssign3">
        <test-method status="SKIP" signature="FT_MIDUpload()[pri:0, instance:com.PaySwiff.portalCases.Portal_Device_DeAssign3@5a1c0542]" name="FT_MIDUpload" duration-ms="1" started-at="2018-06-04T10:42:34Z" finished-at="2018-06-04T10:42:34Z">
          <reporter-output>
          </reporter-output>
        </test-method> <!-- FT_MIDUpload -->
      </class> <!-- com.PaySwiff.portalCases.Portal_Device_DeAssign3 -->
      <class name="com.Paynear.Portal.portal_MIDIncrmnt">
        <test-method status="SKIP" signature="Device_Assign()[pri:0, instance:com.Paynear.Portal.portal_MIDIncrmnt@64729b1e]" name="Device_Assign" duration-ms="1" started-at="2018-06-04T10:42:34Z" finished-at="2018-06-04T10:42:34Z">
          <reporter-output>
          </reporter-output>
        </test-method> <!-- Device_Assign -->
      </class> <!-- com.Paynear.Portal.portal_MIDIncrmnt -->
      <class name="com.Paynear.Portal.portal_MIDIncrmnt3">
        <test-method status="SKIP" signature="Device_Assign()[pri:0, instance:com.Paynear.Portal.portal_MIDIncrmnt3@48503868]" name="Device_Assign" duration-ms="0" started-at="2018-06-04T10:42:34Z" finished-at="2018-06-04T10:42:34Z">
          <reporter-output>
          </reporter-output>
        </test-method> <!-- Device_Assign -->
      </class> <!-- com.Paynear.Portal.portal_MIDIncrmnt3 -->
      <class name="com.Paynear.Portal.portal_MIDDeactive4">
        <test-method status="SKIP" signature="Device_Assign()[pri:0, instance:com.Paynear.Portal.portal_MIDDeactive4@394e1a0f]" name="Device_Assign" duration-ms="1" started-at="2018-06-04T10:42:34Z" finished-at="2018-06-04T10:42:34Z">
          <reporter-output>
          </reporter-output>
        </test-method> <!-- Device_Assign -->
      </class> <!-- com.Paynear.Portal.portal_MIDDeactive4 -->
      <class name="com.PaySwiff.portalCases.Portal_MerchantLive">
        <test-method status="SKIP" signature="FT_MIDUpload()[pri:0, instance:com.PaySwiff.portalCases.Portal_MerchantLive@d44fc21]" name="FT_MIDUpload" duration-ms="1" started-at="2018-06-04T10:42:34Z" finished-at="2018-06-04T10:42:34Z">
          <reporter-output>
          </reporter-output>
        </test-method> <!-- FT_MIDUpload -->
      </class> <!-- com.PaySwiff.portalCases.Portal_MerchantLive -->
      <class name="com.PaySwiff.portalCases.Portal_Device_DeAssign">
        <test-method status="SKIP" signature="FT_MIDUpload()[pri:0, instance:com.PaySwiff.portalCases.Portal_Device_DeAssign@56aac163]" name="FT_MIDUpload" duration-ms="1" started-at="2018-06-04T10:42:34Z" finished-at="2018-06-04T10:42:34Z">
          <reporter-output>
          </reporter-output>
        </test-method> <!-- FT_MIDUpload -->
      </class> <!-- com.PaySwiff.portalCases.Portal_Device_DeAssign -->
      <class name="com.Paynear.Portal.portal_MIDDeactive3">
        <test-method status="SKIP" signature="Device_Assign()[pri:0, instance:com.Paynear.Portal.portal_MIDDeactive3@396f6598]" name="Device_Assign" duration-ms="1" started-at="2018-06-04T10:42:34Z" finished-at="2018-06-04T10:42:34Z">
          <reporter-output>
          </reporter-output>
        </test-method> <!-- Device_Assign -->
      </class> <!-- com.Paynear.Portal.portal_MIDDeactive3 -->
    </test> <!-- sampleClass -->
  </suite> <!-- sample -->
</testng-results>
